2025-08-22 16:38:34,715 - INFO - Приложение запускается.
2025-08-22 16:38:35,366 - ERROR - Ошибка подключения к БД: connection was closed in the middle of operation.
2025-08-22 16:38:35,370 - INFO - HTTP Request: POST http://testserver/tasks/ "HTTP/1.1 422 Unprocessable Entity"
2025-08-22 16:38:35,520 - INFO - Отключение от БД выполнено.
2025-08-22 16:38:35,595 - ERROR - Ошибка подключения к БД: connection was closed in the middle of operation.
2025-08-22 16:38:35,599 - INFO - HTTP Request: POST http://testserver/tasks/ "HTTP/1.1 422 Unprocessable Entity"
2025-08-22 16:38:35,602 - INFO - Отключение от БД выполнено.
2025-08-22 16:38:35,682 - ERROR - Ошибка подключения к БД: connection was closed in the middle of operation.
2025-08-22 16:38:35,685 - INFO - HTTP Request: POST http://testserver/tasks/ "HTTP/1.1 422 Unprocessable Entity"
2025-08-22 16:38:35,688 - INFO - Отключение от БД выполнено.
2025-08-22 16:38:35,765 - ERROR - Ошибка подключения к БД: connection was closed in the middle of operation.
2025-08-22 16:38:35,767 - INFO - HTTP Request: POST http://testserver/tasks/ "HTTP/1.1 422 Unprocessable Entity"
2025-08-22 16:38:35,771 - INFO - Отключение от БД выполнено.
2025-08-22 16:41:37,170 - INFO - Приложение запускается.
2025-08-22 16:42:03,496 - INFO - Приложение запускается.
2025-08-22 16:42:18,919 - INFO - Приложение запускается.
2025-08-22 16:42:19,581 - ERROR - Ошибка подключения к БД: connection was closed in the middle of operation.
2025-08-22 16:42:19,586 - INFO - HTTP Request: POST http://testserver/tasks/ "HTTP/1.1 422 Unprocessable Entity"
2025-08-22 16:42:19,721 - INFO - Отключение от БД выполнено.
2025-08-22 16:42:19,796 - ERROR - Ошибка подключения к БД: connection was closed in the middle of operation.
2025-08-22 16:42:19,800 - INFO - HTTP Request: POST http://testserver/tasks/ "HTTP/1.1 422 Unprocessable Entity"
2025-08-22 16:42:19,804 - INFO - Отключение от БД выполнено.
2025-08-22 16:42:19,883 - ERROR - Ошибка подключения к БД: connection was closed in the middle of operation.
2025-08-22 16:42:19,886 - INFO - HTTP Request: POST http://testserver/tasks/ "HTTP/1.1 422 Unprocessable Entity"
2025-08-22 16:42:19,889 - INFO - Отключение от БД выполнено.
2025-08-22 16:42:19,967 - ERROR - Ошибка подключения к БД: connection was closed in the middle of operation.
2025-08-22 16:42:19,970 - INFO - HTTP Request: POST http://testserver/tasks/ "HTTP/1.1 422 Unprocessable Entity"
2025-08-22 16:42:19,973 - INFO - Отключение от БД выполнено.
2025-08-22 16:42:35,663 - INFO - Приложение запускается.
2025-08-22 16:42:36,272 - ERROR - Ошибка подключения к БД: connection was closed in the middle of operation.
2025-08-22 16:42:36,276 - INFO - HTTP Request: POST http://testserver/tasks/ "HTTP/1.1 422 Unprocessable Entity"
2025-08-22 16:42:36,414 - INFO - Отключение от БД выполнено.
2025-08-22 16:42:36,491 - ERROR - Ошибка подключения к БД: connection was closed in the middle of operation.
2025-08-22 16:42:36,494 - INFO - HTTP Request: POST http://testserver/tasks/ "HTTP/1.1 422 Unprocessable Entity"
2025-08-22 16:42:36,497 - INFO - Отключение от БД выполнено.
2025-08-22 16:42:36,574 - ERROR - Ошибка подключения к БД: connection was closed in the middle of operation.
2025-08-22 16:42:36,577 - INFO - HTTP Request: POST http://testserver/tasks/ "HTTP/1.1 422 Unprocessable Entity"
2025-08-22 16:42:36,580 - INFO - Отключение от БД выполнено.
2025-08-22 16:42:36,763 - ERROR - Ошибка подключения к БД: connection was closed in the middle of operation.
2025-08-22 16:42:36,765 - INFO - HTTP Request: POST http://testserver/tasks/ "HTTP/1.1 422 Unprocessable Entity"
2025-08-22 16:42:36,768 - INFO - Отключение от БД выполнено.
2025-08-22 16:48:45,019 - INFO - Приложение запускается.
2025-08-22 16:48:45,658 - ERROR - Ошибка подключения к БД: connection was closed in the middle of operation.
2025-08-22 16:48:45,664 - INFO - HTTP Request: POST http://testserver/tasks/ "HTTP/1.1 422 Unprocessable Entity"
2025-08-22 16:48:45,826 - INFO - Отключение от БД выполнено.
2025-08-22 16:48:45,904 - ERROR - Ошибка подключения к БД: connection was closed in the middle of operation.
2025-08-22 16:48:45,907 - INFO - HTTP Request: POST http://testserver/tasks/ "HTTP/1.1 422 Unprocessable Entity"
2025-08-22 16:48:45,910 - INFO - Отключение от БД выполнено.
2025-08-22 16:48:45,987 - ERROR - Ошибка подключения к БД: connection was closed in the middle of operation.
2025-08-22 16:48:45,989 - INFO - HTTP Request: POST http://testserver/tasks/ "HTTP/1.1 422 Unprocessable Entity"
2025-08-22 16:48:45,993 - INFO - Отключение от БД выполнено.
2025-08-22 16:48:46,069 - ERROR - Ошибка подключения к БД: connection was closed in the middle of operation.
2025-08-22 16:48:46,071 - INFO - HTTP Request: POST http://testserver/tasks/ "HTTP/1.1 422 Unprocessable Entity"
2025-08-22 16:48:46,076 - INFO - Отключение от БД выполнено.
2025-08-22 16:51:23,445 - INFO - Приложение запускается.
2025-08-22 16:51:24,054 - ERROR - Ошибка подключения к БД: connection was closed in the middle of operation.
2025-08-22 16:51:24,058 - INFO - HTTP Request: POST http://testserver/tasks/ "HTTP/1.1 422 Unprocessable Entity"
2025-08-22 16:51:24,204 - INFO - Отключение от БД выполнено.
2025-08-22 16:51:24,284 - ERROR - Ошибка подключения к БД: connection was closed in the middle of operation.
2025-08-22 16:51:24,286 - INFO - HTTP Request: POST http://testserver/tasks/ "HTTP/1.1 422 Unprocessable Entity"
2025-08-22 16:51:24,290 - INFO - Отключение от БД выполнено.
2025-08-22 16:51:24,365 - ERROR - Ошибка подключения к БД: connection was closed in the middle of operation.
2025-08-22 16:51:24,367 - INFO - HTTP Request: POST http://testserver/tasks/ "HTTP/1.1 422 Unprocessable Entity"
2025-08-22 16:51:24,372 - INFO - Отключение от БД выполнено.
2025-08-22 16:51:24,449 - ERROR - Ошибка подключения к БД: connection was closed in the middle of operation.
2025-08-22 16:51:24,452 - INFO - HTTP Request: POST http://testserver/tasks/ "HTTP/1.1 422 Unprocessable Entity"
2025-08-22 16:51:24,456 - INFO - Отключение от БД выполнено.
2025-08-22 19:48:37,051 - ERROR - Ошибка декодирования: 'utf-8' codec can't decode byte 0xc2 in position 61: invalid continuation byte
2025-08-22 19:52:45,069 - INFO - Анализ строки: postgresql://developer:pass_dev@localhost:5432/test_database
2025-08-22 19:52:45,074 - INFO - UTF-8 байты: [112, 111, 115, 116, 103, 114, 101, 115, 113, 108, 58, 47, 47, 100, 101, 118, 101, 108, 111, 112, 101, 114, 58, 112, 97, 115, 115, 95, 100, 101, 118, 64, 108, 111, 99, 97, 108, 104, 111, 115, 116, 58, 53, 52, 51, 50, 47, 116, 101, 115, 116, 95, 100, 97, 116, 97, 98, 97, 115, 101]
2025-08-22 19:52:45,075 - INFO - Latin-1 байты: [112, 111, 115, 116, 103, 114, 101, 115, 113, 108, 58, 47, 47, 100, 101, 118, 101, 108, 111, 112, 101, 114, 58, 112, 97, 115, 115, 95, 100, 101, 118, 64, 108, 111, 99, 97, 108, 104, 111, 115, 116, 58, 53, 52, 51, 50, 47, 116, 101, 115, 116, 95, 100, 97, 116, 97, 98, 97, 115, 101]
2025-08-22 19:52:45,230 - ERROR - Ошибка декодирования: 'utf-8' codec can't decode byte 0xc2 in position 61: invalid continuation byte
2025-08-22 19:52:45,234 - ERROR - Проблемная строка: postgresql://developer:pass_dev@localhost:5432/test_database
2025-08-22 19:52:45,236 - ERROR - Проблемные байты: [194]
2025-08-22 19:52:45,237 - ERROR - Позиция ошибки: 61-62
2025-08-22 19:52:45,239 - INFO - Декодирование через Latin-1: postgresql://developer:pass_dev@localhost:5432/test_database
2025-08-22 19:52:45,288 - ERROR - Ошибка при удалении БД: 'utf-8' codec can't decode byte 0xc2 in position 61: invalid continuation byte
2025-08-22 19:56:24,242 - ERROR - Ошибка декодирования: 'utf-8' codec can't decode byte 0xc2 in position 61: invalid continuation byte
2025-08-22 19:59:37,744 - INFO - ==================================================
2025-08-22 19:59:37,745 - INFO - ДЕТАЛЬНЫЙ АНАЛИЗ СТРОКИ
2025-08-22 19:59:37,746 - INFO - ==================================================
2025-08-22 19:59:37,746 - INFO - Строка (repr): 'postgresql://developer:pass_dev@localhost:5432/test_database'
2025-08-22 19:59:37,746 - INFO - Длина строки: 60 символов
2025-08-22 19:59:37,746 - INFO - 
ПОСИМВОЛЬНЫЙ АНАЛИЗ:
2025-08-22 19:59:37,747 - INFO - Позиция  0: 'p' - код: 112 - hex: 0x70   (печатный ASCII)
2025-08-22 19:59:37,747 - INFO - Позиция  1: 'o' - код: 111 - hex: 0x6f   (печатный ASCII)
2025-08-22 19:59:37,747 - INFO - Позиция  2: 's' - код: 115 - hex: 0x73   (печатный ASCII)
2025-08-22 19:59:37,747 - INFO - Позиция  3: 't' - код: 116 - hex: 0x74   (печатный ASCII)
2025-08-22 19:59:37,748 - INFO - Позиция  4: 'g' - код: 103 - hex: 0x67   (печатный ASCII)
2025-08-22 19:59:37,748 - INFO - Позиция  5: 'r' - код: 114 - hex: 0x72   (печатный ASCII)
2025-08-22 19:59:37,748 - INFO - Позиция  6: 'e' - код: 101 - hex: 0x65   (печатный ASCII)
2025-08-22 19:59:37,748 - INFO - Позиция  7: 's' - код: 115 - hex: 0x73   (печатный ASCII)
2025-08-22 19:59:37,748 - INFO - Позиция  8: 'q' - код: 113 - hex: 0x71   (печатный ASCII)
2025-08-22 19:59:37,749 - INFO - Позиция  9: 'l' - код: 108 - hex: 0x6c   (печатный ASCII)
2025-08-22 19:59:37,749 - INFO - Позиция 10: ':' - код:  58 - hex: 0x3a   (печатный ASCII)
2025-08-22 19:59:37,749 - INFO - Позиция 11: '/' - код:  47 - hex: 0x2f   (печатный ASCII)
2025-08-22 19:59:37,749 - INFO - Позиция 12: '/' - код:  47 - hex: 0x2f   (печатный ASCII)
2025-08-22 19:59:37,749 - INFO - Позиция 13: 'd' - код: 100 - hex: 0x64   (печатный ASCII)
2025-08-22 19:59:37,750 - INFO - Позиция 14: 'e' - код: 101 - hex: 0x65   (печатный ASCII)
2025-08-22 19:59:37,750 - INFO - Позиция 15: 'v' - код: 118 - hex: 0x76   (печатный ASCII)
2025-08-22 19:59:37,750 - INFO - Позиция 16: 'e' - код: 101 - hex: 0x65   (печатный ASCII)
2025-08-22 19:59:37,751 - INFO - Позиция 17: 'l' - код: 108 - hex: 0x6c   (печатный ASCII)
2025-08-22 19:59:37,751 - INFO - Позиция 18: 'o' - код: 111 - hex: 0x6f   (печатный ASCII)
2025-08-22 19:59:37,751 - INFO - Позиция 19: 'p' - код: 112 - hex: 0x70   (печатный ASCII)
2025-08-22 19:59:37,751 - INFO - Позиция 20: 'e' - код: 101 - hex: 0x65   (печатный ASCII)
2025-08-22 19:59:37,752 - INFO - Позиция 21: 'r' - код: 114 - hex: 0x72   (печатный ASCII)
2025-08-22 19:59:37,752 - INFO - Позиция 22: ':' - код:  58 - hex: 0x3a   (печатный ASCII)
2025-08-22 19:59:37,752 - INFO - Позиция 23: 'p' - код: 112 - hex: 0x70   (печатный ASCII)
2025-08-22 19:59:37,753 - INFO - Позиция 24: 'a' - код:  97 - hex: 0x61   (печатный ASCII)
2025-08-22 19:59:37,753 - INFO - Позиция 25: 's' - код: 115 - hex: 0x73   (печатный ASCII)
2025-08-22 19:59:37,753 - INFO - Позиция 26: 's' - код: 115 - hex: 0x73   (печатный ASCII)
2025-08-22 19:59:37,753 - INFO - Позиция 27: '_' - код:  95 - hex: 0x5f   (печатный ASCII)
2025-08-22 19:59:37,753 - INFO - Позиция 28: 'd' - код: 100 - hex: 0x64   (печатный ASCII)
2025-08-22 19:59:37,753 - INFO - Позиция 29: 'e' - код: 101 - hex: 0x65   (печатный ASCII)
2025-08-22 19:59:37,754 - INFO - Позиция 30: 'v' - код: 118 - hex: 0x76   (печатный ASCII)
2025-08-22 19:59:37,754 - INFO - Позиция 31: '@' - код:  64 - hex: 0x40   (печатный ASCII)
2025-08-22 19:59:37,754 - INFO - Позиция 32: 'l' - код: 108 - hex: 0x6c   (печатный ASCII)
2025-08-22 19:59:37,754 - INFO - Позиция 33: 'o' - код: 111 - hex: 0x6f   (печатный ASCII)
2025-08-22 19:59:37,754 - INFO - Позиция 34: 'c' - код:  99 - hex: 0x63   (печатный ASCII)
2025-08-22 19:59:37,754 - INFO - Позиция 35: 'a' - код:  97 - hex: 0x61   (печатный ASCII)
2025-08-22 19:59:37,755 - INFO - Позиция 36: 'l' - код: 108 - hex: 0x6c   (печатный ASCII)
2025-08-22 19:59:37,755 - INFO - Позиция 37: 'h' - код: 104 - hex: 0x68   (печатный ASCII)
2025-08-22 19:59:37,755 - INFO - Позиция 38: 'o' - код: 111 - hex: 0x6f   (печатный ASCII)
2025-08-22 19:59:37,756 - INFO - Позиция 39: 's' - код: 115 - hex: 0x73   (печатный ASCII)
2025-08-22 19:59:37,756 - INFO - Позиция 40: 't' - код: 116 - hex: 0x74   (печатный ASCII)
2025-08-22 19:59:37,756 - INFO - Позиция 41: ':' - код:  58 - hex: 0x3a   (печатный ASCII)
2025-08-22 19:59:37,756 - INFO - Позиция 42: '5' - код:  53 - hex: 0x35   (печатный ASCII)
2025-08-22 19:59:37,756 - INFO - Позиция 43: '4' - код:  52 - hex: 0x34   (печатный ASCII)
2025-08-22 19:59:37,756 - INFO - Позиция 44: '3' - код:  51 - hex: 0x33   (печатный ASCII)
2025-08-22 19:59:37,756 - INFO - Позиция 45: '2' - код:  50 - hex: 0x32   (печатный ASCII)
2025-08-22 19:59:37,757 - INFO - Позиция 46: '/' - код:  47 - hex: 0x2f   (печатный ASCII)
2025-08-22 19:59:37,757 - INFO - Позиция 47: 't' - код: 116 - hex: 0x74   (печатный ASCII)
2025-08-22 19:59:37,757 - INFO - Позиция 48: 'e' - код: 101 - hex: 0x65   (печатный ASCII)
2025-08-22 19:59:37,757 - INFO - Позиция 49: 's' - код: 115 - hex: 0x73   (печатный ASCII)
2025-08-22 19:59:37,757 - INFO - Позиция 50: 't' - код: 116 - hex: 0x74   (печатный ASCII)
2025-08-22 19:59:37,757 - INFO - Позиция 51: '_' - код:  95 - hex: 0x5f   (печатный ASCII)
2025-08-22 19:59:37,757 - INFO - Позиция 52: 'd' - код: 100 - hex: 0x64   (печатный ASCII)
2025-08-22 19:59:37,758 - INFO - Позиция 53: 'a' - код:  97 - hex: 0x61   (печатный ASCII)
2025-08-22 19:59:37,758 - INFO - Позиция 54: 't' - код: 116 - hex: 0x74   (печатный ASCII)
2025-08-22 19:59:37,758 - INFO - Позиция 55: 'a' - код:  97 - hex: 0x61   (печатный ASCII)
2025-08-22 19:59:37,758 - INFO - Позиция 56: 'b' - код:  98 - hex: 0x62   (печатный ASCII)
2025-08-22 19:59:37,758 - INFO - Позиция 57: 'a' - код:  97 - hex: 0x61   (печатный ASCII)
2025-08-22 19:59:37,759 - INFO - Позиция 58: 's' - код: 115 - hex: 0x73   (печатный ASCII)
2025-08-22 19:59:37,759 - INFO - Позиция 59: 'e' - код: 101 - hex: 0x65   (печатный ASCII)
2025-08-22 19:59:37,759 - INFO - 
БАЙТОВЫЙ АНАЛИЗ:
2025-08-22 19:59:37,759 - INFO - utf-8   : [112, 111, 115, 116, 103, 114, 101, 115, 113, 108, 58, 47, 47, 100, 101, 118, 101, 108, 111, 112, 101, 114, 58, 112, 97, 115, 115, 95, 100, 101, 118, 64, 108, 111, 99, 97, 108, 104, 111, 115, 116, 58, 53, 52, 51, 50, 47, 116, 101, 115, 116, 95, 100, 97, 116, 97, 98, 97, 115, 101]
2025-08-22 19:59:37,760 - INFO -   ✓ Декодирование успешно
2025-08-22 19:59:37,760 - INFO - latin-1 : [112, 111, 115, 116, 103, 114, 101, 115, 113, 108, 58, 47, 47, 100, 101, 118, 101, 108, 111, 112, 101, 114, 58, 112, 97, 115, 115, 95, 100, 101, 118, 64, 108, 111, 99, 97, 108, 104, 111, 115, 116, 58, 53, 52, 51, 50, 47, 116, 101, 115, 116, 95, 100, 97, 116, 97, 98, 97, 115, 101]
2025-08-22 19:59:37,760 - INFO -   ✓ Декодирование успешно
2025-08-22 19:59:37,761 - INFO - ascii   : [112, 111, 115, 116, 103, 114, 101, 115, 113, 108, 58, 47, 47, 100, 101, 118, 101, 108, 111, 112, 101, 114, 58, 112, 97, 115, 115, 95, 100, 101, 118, 64, 108, 111, 99, 97, 108, 104, 111, 115, 116, 58, 53, 52, 51, 50, 47, 116, 101, 115, 116, 95, 100, 97, 116, 97, 98, 97, 115, 101]
2025-08-22 19:59:37,761 - INFO -   ✓ Декодирование успешно
2025-08-22 19:59:37,761 - INFO - utf-16  : [255, 254, 112, 0, 111, 0, 115, 0, 116, 0, 103, 0, 114, 0, 101, 0, 115, 0, 113, 0, 108, 0, 58, 0, 47, 0, 47, 0, 100, 0, 101, 0, 118, 0, 101, 0, 108, 0, 111, 0, 112, 0, 101, 0, 114, 0, 58, 0, 112, 0, 97, 0, 115, 0, 115, 0, 95, 0, 100, 0, 101, 0, 118, 0, 64, 0, 108, 0, 111, 0, 99, 0, 97, 0, 108, 0, 104, 0, 111, 0, 115, 0, 116, 0, 58, 0, 53, 0, 52, 0, 51, 0, 50, 0, 47, 0, 116, 0, 101, 0, 115, 0, 116, 0, 95, 0, 100, 0, 97, 0, 116, 0, 97, 0, 98, 0, 97, 0, 115, 0, 101, 0]
2025-08-22 19:59:37,761 - INFO -   ✓ Декодирование успешно
2025-08-22 19:59:37,761 - INFO - 
АНАЛИЗ ПОЗИЦИИ 61:
2025-08-22 19:59:37,761 - INFO - 
HEX DUMP ВСЕЙ СТРОКИ:
2025-08-22 19:59:37,762 - INFO - 0000: 70 6f 73 74 67 72 65 73 71 6c 3a 2f 2f 64 65 76  postgresql://dev
2025-08-22 19:59:37,762 - INFO - 0010: 65 6c 6f 70 65 72 3a 70 61 73 73 5f 64 65 76 40  eloper:pass_dev@
2025-08-22 19:59:37,762 - INFO - 0020: 6c 6f 63 61 6c 68 6f 73 74 3a 35 34 33 32 2f 74  localhost:5432/t
2025-08-22 19:59:37,762 - INFO - 0030: 65 73 74 5f 64 61 74 61 62 61 73 65              est_database
2025-08-22 19:59:37,950 - INFO - ==================================================
2025-08-22 19:59:37,955 - INFO - ДЕТАЛЬНЫЙ АНАЛИЗ СТРОКИ
2025-08-22 19:59:37,955 - INFO - ==================================================
2025-08-22 19:59:37,956 - INFO - Строка (repr): 'postgresql://developer:pass_dev@localhost:5432/test_database'
2025-08-22 19:59:37,957 - INFO - Длина строки: 60 символов
2025-08-22 19:59:37,958 - INFO - 
ПОСИМВОЛЬНЫЙ АНАЛИЗ:
2025-08-22 19:59:37,959 - INFO - Позиция  0: 'p' - код: 112 - hex: 0x70   (печатный ASCII)
2025-08-22 19:59:37,959 - INFO - Позиция  1: 'o' - код: 111 - hex: 0x6f   (печатный ASCII)
2025-08-22 19:59:37,960 - INFO - Позиция  2: 's' - код: 115 - hex: 0x73   (печатный ASCII)
2025-08-22 19:59:37,961 - INFO - Позиция  3: 't' - код: 116 - hex: 0x74   (печатный ASCII)
2025-08-22 19:59:37,961 - INFO - Позиция  4: 'g' - код: 103 - hex: 0x67   (печатный ASCII)
2025-08-22 19:59:37,962 - INFO - Позиция  5: 'r' - код: 114 - hex: 0x72   (печатный ASCII)
2025-08-22 19:59:37,963 - INFO - Позиция  6: 'e' - код: 101 - hex: 0x65   (печатный ASCII)
2025-08-22 19:59:37,965 - INFO - Позиция  7: 's' - код: 115 - hex: 0x73   (печатный ASCII)
2025-08-22 19:59:37,966 - INFO - Позиция  8: 'q' - код: 113 - hex: 0x71   (печатный ASCII)
2025-08-22 19:59:37,967 - INFO - Позиция  9: 'l' - код: 108 - hex: 0x6c   (печатный ASCII)
2025-08-22 19:59:37,967 - INFO - Позиция 10: ':' - код:  58 - hex: 0x3a   (печатный ASCII)
2025-08-22 19:59:37,968 - INFO - Позиция 11: '/' - код:  47 - hex: 0x2f   (печатный ASCII)
2025-08-22 19:59:37,969 - INFO - Позиция 12: '/' - код:  47 - hex: 0x2f   (печатный ASCII)
2025-08-22 19:59:37,970 - INFO - Позиция 13: 'd' - код: 100 - hex: 0x64   (печатный ASCII)
2025-08-22 19:59:37,971 - INFO - Позиция 14: 'e' - код: 101 - hex: 0x65   (печатный ASCII)
2025-08-22 19:59:37,972 - INFO - Позиция 15: 'v' - код: 118 - hex: 0x76   (печатный ASCII)
2025-08-22 19:59:37,973 - INFO - Позиция 16: 'e' - код: 101 - hex: 0x65   (печатный ASCII)
2025-08-22 19:59:37,975 - INFO - Позиция 17: 'l' - код: 108 - hex: 0x6c   (печатный ASCII)
2025-08-22 19:59:37,976 - INFO - Позиция 18: 'o' - код: 111 - hex: 0x6f   (печатный ASCII)
2025-08-22 19:59:37,977 - INFO - Позиция 19: 'p' - код: 112 - hex: 0x70   (печатный ASCII)
2025-08-22 19:59:37,978 - INFO - Позиция 20: 'e' - код: 101 - hex: 0x65   (печатный ASCII)
2025-08-22 19:59:37,979 - INFO - Позиция 21: 'r' - код: 114 - hex: 0x72   (печатный ASCII)
2025-08-22 19:59:37,979 - INFO - Позиция 22: ':' - код:  58 - hex: 0x3a   (печатный ASCII)
2025-08-22 19:59:37,980 - INFO - Позиция 23: 'p' - код: 112 - hex: 0x70   (печатный ASCII)
2025-08-22 19:59:37,981 - INFO - Позиция 24: 'a' - код:  97 - hex: 0x61   (печатный ASCII)
2025-08-22 19:59:37,981 - INFO - Позиция 25: 's' - код: 115 - hex: 0x73   (печатный ASCII)
2025-08-22 19:59:37,982 - INFO - Позиция 26: 's' - код: 115 - hex: 0x73   (печатный ASCII)
2025-08-22 19:59:37,983 - INFO - Позиция 27: '_' - код:  95 - hex: 0x5f   (печатный ASCII)
2025-08-22 19:59:37,983 - INFO - Позиция 28: 'd' - код: 100 - hex: 0x64   (печатный ASCII)
2025-08-22 19:59:37,984 - INFO - Позиция 29: 'e' - код: 101 - hex: 0x65   (печатный ASCII)
2025-08-22 19:59:37,985 - INFO - Позиция 30: 'v' - код: 118 - hex: 0x76   (печатный ASCII)
2025-08-22 19:59:37,986 - INFO - Позиция 31: '@' - код:  64 - hex: 0x40   (печатный ASCII)
2025-08-22 19:59:37,986 - INFO - Позиция 32: 'l' - код: 108 - hex: 0x6c   (печатный ASCII)
2025-08-22 19:59:37,987 - INFO - Позиция 33: 'o' - код: 111 - hex: 0x6f   (печатный ASCII)
2025-08-22 19:59:37,988 - INFO - Позиция 34: 'c' - код:  99 - hex: 0x63   (печатный ASCII)
2025-08-22 19:59:37,988 - INFO - Позиция 35: 'a' - код:  97 - hex: 0x61   (печатный ASCII)
2025-08-22 19:59:37,989 - INFO - Позиция 36: 'l' - код: 108 - hex: 0x6c   (печатный ASCII)
2025-08-22 19:59:37,990 - INFO - Позиция 37: 'h' - код: 104 - hex: 0x68   (печатный ASCII)
2025-08-22 19:59:37,990 - INFO - Позиция 38: 'o' - код: 111 - hex: 0x6f   (печатный ASCII)
2025-08-22 19:59:37,991 - INFO - Позиция 39: 's' - код: 115 - hex: 0x73   (печатный ASCII)
2025-08-22 19:59:37,992 - INFO - Позиция 40: 't' - код: 116 - hex: 0x74   (печатный ASCII)
2025-08-22 19:59:37,992 - INFO - Позиция 41: ':' - код:  58 - hex: 0x3a   (печатный ASCII)
2025-08-22 19:59:37,993 - INFO - Позиция 42: '5' - код:  53 - hex: 0x35   (печатный ASCII)
2025-08-22 19:59:37,993 - INFO - Позиция 43: '4' - код:  52 - hex: 0x34   (печатный ASCII)
2025-08-22 19:59:37,994 - INFO - Позиция 44: '3' - код:  51 - hex: 0x33   (печатный ASCII)
2025-08-22 19:59:37,995 - INFO - Позиция 45: '2' - код:  50 - hex: 0x32   (печатный ASCII)
2025-08-22 19:59:37,996 - INFO - Позиция 46: '/' - код:  47 - hex: 0x2f   (печатный ASCII)
2025-08-22 19:59:37,996 - INFO - Позиция 47: 't' - код: 116 - hex: 0x74   (печатный ASCII)
2025-08-22 19:59:37,997 - INFO - Позиция 48: 'e' - код: 101 - hex: 0x65   (печатный ASCII)
2025-08-22 19:59:37,998 - INFO - Позиция 49: 's' - код: 115 - hex: 0x73   (печатный ASCII)
2025-08-22 19:59:37,998 - INFO - Позиция 50: 't' - код: 116 - hex: 0x74   (печатный ASCII)
2025-08-22 19:59:37,999 - INFO - Позиция 51: '_' - код:  95 - hex: 0x5f   (печатный ASCII)
2025-08-22 19:59:38,000 - INFO - Позиция 52: 'd' - код: 100 - hex: 0x64   (печатный ASCII)
2025-08-22 19:59:38,000 - INFO - Позиция 53: 'a' - код:  97 - hex: 0x61   (печатный ASCII)
2025-08-22 19:59:38,001 - INFO - Позиция 54: 't' - код: 116 - hex: 0x74   (печатный ASCII)
2025-08-22 19:59:38,002 - INFO - Позиция 55: 'a' - код:  97 - hex: 0x61   (печатный ASCII)
2025-08-22 19:59:38,002 - INFO - Позиция 56: 'b' - код:  98 - hex: 0x62   (печатный ASCII)
2025-08-22 19:59:38,003 - INFO - Позиция 57: 'a' - код:  97 - hex: 0x61   (печатный ASCII)
2025-08-22 19:59:38,004 - INFO - Позиция 58: 's' - код: 115 - hex: 0x73   (печатный ASCII)
2025-08-22 19:59:38,005 - INFO - Позиция 59: 'e' - код: 101 - hex: 0x65   (печатный ASCII)
2025-08-22 19:59:38,005 - INFO - 
БАЙТОВЫЙ АНАЛИЗ:
2025-08-22 19:59:38,006 - INFO - utf-8   : [112, 111, 115, 116, 103, 114, 101, 115, 113, 108, 58, 47, 47, 100, 101, 118, 101, 108, 111, 112, 101, 114, 58, 112, 97, 115, 115, 95, 100, 101, 118, 64, 108, 111, 99, 97, 108, 104, 111, 115, 116, 58, 53, 52, 51, 50, 47, 116, 101, 115, 116, 95, 100, 97, 116, 97, 98, 97, 115, 101]
2025-08-22 19:59:38,007 - INFO -   ✓ Декодирование успешно
2025-08-22 19:59:38,007 - INFO - latin-1 : [112, 111, 115, 116, 103, 114, 101, 115, 113, 108, 58, 47, 47, 100, 101, 118, 101, 108, 111, 112, 101, 114, 58, 112, 97, 115, 115, 95, 100, 101, 118, 64, 108, 111, 99, 97, 108, 104, 111, 115, 116, 58, 53, 52, 51, 50, 47, 116, 101, 115, 116, 95, 100, 97, 116, 97, 98, 97, 115, 101]
2025-08-22 19:59:38,008 - INFO -   ✓ Декодирование успешно
2025-08-22 19:59:38,008 - INFO - ascii   : [112, 111, 115, 116, 103, 114, 101, 115, 113, 108, 58, 47, 47, 100, 101, 118, 101, 108, 111, 112, 101, 114, 58, 112, 97, 115, 115, 95, 100, 101, 118, 64, 108, 111, 99, 97, 108, 104, 111, 115, 116, 58, 53, 52, 51, 50, 47, 116, 101, 115, 116, 95, 100, 97, 116, 97, 98, 97, 115, 101]
2025-08-22 19:59:38,009 - INFO -   ✓ Декодирование успешно
2025-08-22 19:59:38,010 - INFO - utf-16  : [255, 254, 112, 0, 111, 0, 115, 0, 116, 0, 103, 0, 114, 0, 101, 0, 115, 0, 113, 0, 108, 0, 58, 0, 47, 0, 47, 0, 100, 0, 101, 0, 118, 0, 101, 0, 108, 0, 111, 0, 112, 0, 101, 0, 114, 0, 58, 0, 112, 0, 97, 0, 115, 0, 115, 0, 95, 0, 100, 0, 101, 0, 118, 0, 64, 0, 108, 0, 111, 0, 99, 0, 97, 0, 108, 0, 104, 0, 111, 0, 115, 0, 116, 0, 58, 0, 53, 0, 52, 0, 51, 0, 50, 0, 47, 0, 116, 0, 101, 0, 115, 0, 116, 0, 95, 0, 100, 0, 97, 0, 116, 0, 97, 0, 98, 0, 97, 0, 115, 0, 101, 0]
2025-08-22 19:59:38,010 - INFO -   ✓ Декодирование успешно
2025-08-22 19:59:38,011 - INFO - 
АНАЛИЗ ПОЗИЦИИ 61:
2025-08-22 19:59:38,012 - INFO - 
HEX DUMP ВСЕЙ СТРОКИ:
2025-08-22 19:59:38,012 - INFO - 0000: 70 6f 73 74 67 72 65 73 71 6c 3a 2f 2f 64 65 76  postgresql://dev
2025-08-22 19:59:38,013 - INFO - 0010: 65 6c 6f 70 65 72 3a 70 61 73 73 5f 64 65 76 40  eloper:pass_dev@
2025-08-22 19:59:38,014 - INFO - 0020: 6c 6f 63 61 6c 68 6f 73 74 3a 35 34 33 32 2f 74  localhost:5432/t
2025-08-22 19:59:38,014 - INFO - 0030: 65 73 74 5f 64 61 74 61 62 61 73 65              est_database
2025-08-22 19:59:38,064 - ERROR - Ошибка декодирования: 'utf-8' codec can't decode byte 0xc2 in position 61: invalid continuation byte
2025-08-22 19:59:38,069 - ERROR - Проблемная строка: 'postgresql://developer:pass_dev@localhost:5432/test_database'
2025-08-22 19:59:38,070 - ERROR - Проблемные байты: [194]
2025-08-22 19:59:38,071 - ERROR - Позиция ошибки: 61-62
2025-08-22 19:59:38,227 - ERROR - Ошибка при удалении БД: 'utf-8' codec can't decode byte 0xc2 in position 61: invalid continuation byte
2025-08-22 20:01:32,713 - ERROR - Ошибка декодирования: 'utf-8' codec can't decode byte 0xc2 in position 61: invalid continuation byte
2025-08-22 20:01:49,244 - ERROR - Ошибка декодирования: 'utf-8' codec can't decode byte 0xc2 in position 61: invalid continuation byte
2025-08-22 20:02:07,630 - ERROR - Ошибка декодирования: 'utf-8' codec can't decode byte 0xc2 in position 61: invalid continuation byte
2025-08-22 20:02:16,593 - ERROR - Ошибка декодирования: 'utf-8' codec can't decode byte 0xc2 in position 61: invalid continuation byte
2025-08-22 20:02:51,704 - ERROR - Ошибка декодирования: 'utf-8' codec can't decode byte 0xc2 in position 61: invalid continuation byte
2025-08-22 20:03:05,888 - ERROR - Ошибка декодирования: 'utf-8' codec can't decode byte 0xc2 in position 61: invalid continuation byte
2025-08-22 20:05:03,300 - INFO - postgresql://developer:pass_dev@localhost:5432/test_database
2025-08-22 20:05:03,471 - INFO - postgresql://developer:pass_dev@localhost:5432/test_database
2025-08-22 20:05:03,531 - ERROR - Ошибка декодирования: 'utf-8' codec can't decode byte 0xc2 in position 61: invalid continuation byte
2025-08-22 20:09:26,371 - INFO - postgresql://developer:pass_dev@localhost:5432/test_database
2025-08-22 20:09:26,521 - INFO - postgresql://developer:pass_dev@localhost:5432/test_database
2025-08-22 20:09:26,532 - INFO - Проверяем database_exists...
2025-08-22 20:09:26,584 - ERROR - Ошибка декодирования: 'utf-8' codec can't decode byte 0xc2 in position 61: invalid continuation byte
2025-08-22 20:11:27,792 - INFO - postgresql://developer:pass_dev@localhost:5432/test_database
2025-08-22 20:11:27,942 - INFO - postgresql://developer:pass_dev@localhost:5432/test_database
2025-08-22 20:11:36,527 - INFO - postgresql://developer:pass_dev@localhost:5432/test_database
2025-08-22 20:11:36,693 - INFO - postgresql://developer:pass_dev@localhost:5432/test_database
2025-08-22 20:11:41,657 - INFO - postgresql://developer:pass_dev@localhost:5432/test_database
2025-08-22 20:11:41,818 - INFO - postgresql://developer:pass_dev@localhost:5432/test_database
2025-08-22 20:12:08,331 - INFO - postgresql://developer:pass_dev@localhost:5432/test_database
2025-08-22 20:12:08,490 - INFO - postgresql://developer:pass_dev@localhost:5432/test_database
2025-08-22 20:12:09,358 - INFO - БД удалена
2025-08-22 20:18:03,081 - INFO - postgresql://developer:pass_dev@localhost:5432/test_database
2025-08-22 20:18:03,232 - INFO - postgresql://developer:pass_dev@localhost:5432/test_database
2025-08-22 20:18:03,618 - INFO - БД создана
2025-08-22 20:18:03,800 - INFO - БД удалена
2025-08-22 20:23:48,776 - INFO - postgresql://developer:pass_dev@localhost:5432/test_database
2025-08-22 20:23:48,931 - INFO - postgresql://developer:pass_dev@localhost:5432/test_database
2025-08-22 20:23:49,318 - INFO - БД создана
2025-08-22 20:23:49,438 - INFO - БД удалена
2025-08-22 20:24:02,686 - INFO - postgresql://developer:pass_dev@localhost:5432/test_database
2025-08-22 20:24:02,847 - INFO - postgresql://developer:pass_dev@localhost:5432/test_database
2025-08-22 20:24:03,254 - INFO - БД создана
2025-08-22 20:25:00,349 - INFO - postgresql://developer:pass_dev@localhost:5432/test_database
2025-08-22 20:25:00,511 - INFO - postgresql://developer:pass_dev@localhost:5432/test_database
2025-08-22 20:25:00,895 - INFO - БД создана
2025-08-22 20:25:00,897 - INFO - c:\Dev\task_manager
2025-08-22 20:25:00,898 - INFO - <alembic.config.Config object at 0x0000028672FA3E60>
2025-08-22 20:56:03,289 - INFO - Приложение запускается.
2025-08-22 20:56:20,042 - INFO - Приложение запускается.
2025-08-22 20:56:20,595 - INFO - postgresql://developer:pass_dev@localhost:5432/test_database
2025-08-22 20:56:41,896 - INFO - Приложение запускается.
2025-08-22 20:56:42,413 - INFO - postgresql://developer:pass_dev@localhost:5432/test_database
2025-08-22 20:56:42,794 - INFO - БД создана
2025-08-22 20:56:42,795 - INFO - C:\Dev\task_manager
2025-08-22 20:56:42,795 - INFO - <alembic.config.Config object at 0x0000027B79E299D0>
2025-08-22 20:57:51,815 - INFO - Приложение запускается.
2025-08-22 20:57:52,355 - INFO - postgresql://developer:pass_dev@localhost:5432/test_database
2025-08-22 20:57:52,757 - INFO - БД создана
2025-08-22 20:57:52,757 - INFO - C:\Dev\task_manager
2025-08-22 20:57:52,757 - INFO - <alembic.config.Config object at 0x000002161D128740>
2025-08-22 20:58:21,530 - INFO - Приложение запускается.
2025-08-22 20:58:22,074 - INFO - postgresql://developer:pass_dev@localhost:5432/test_database
2025-08-22 20:58:22,497 - INFO - БД создана
2025-08-22 20:58:22,497 - INFO - C:\Dev\task_manager
2025-08-22 20:58:22,497 - INFO - <alembic.config.Config object at 0x000001CC22F58740>
2025-08-22 21:03:53,897 - INFO - Приложение запускается.
2025-08-22 21:03:54,427 - INFO - postgresql://developer:pass_dev@localhost:5432/test_database
2025-08-22 21:03:54,924 - INFO - БД создана
2025-08-22 21:03:54,924 - INFO - C:\Dev\task_manager
2025-08-22 21:03:54,925 - INFO - <alembic.config.Config object at 0x00000186651ED0D0>
2025-08-22 21:07:46,047 - INFO - Приложение запускается.
2025-08-22 21:07:46,568 - INFO - postgresql://developer:pass_dev@localhost:5432/test_database
2025-08-22 21:07:46,961 - INFO - БД создана
2025-08-22 21:07:46,962 - INFO - C:\Dev\task_manager
2025-08-22 21:07:46,963 - INFO - <alembic.config.Config object at 0x0000024C619FC620>
2025-08-22 21:10:46,436 - INFO - Приложение запускается.
2025-08-22 21:12:38,139 - INFO - Приложение запускается.
2025-08-22 21:13:57,788 - INFO - Приложение запускается.
2025-08-22 21:15:34,494 - INFO - Приложение запускается.
2025-08-22 21:24:10,413 - INFO - Приложение запускается.
2025-08-22 21:28:56,835 - INFO - Приложение запускается.
2025-08-22 21:30:16,676 - INFO - Приложение запускается.
2025-08-22 21:32:25,045 - INFO - Приложение запускается.
2025-08-22 21:33:42,766 - INFO - Приложение запускается.
2025-08-22 21:37:54,470 - INFO - Приложение запускается.
2025-08-22 21:38:20,067 - INFO - Приложение запускается.
2025-08-22 21:39:25,231 - INFO - Приложение запускается.
2025-08-22 21:46:00,120 - INFO - Приложение запускается.
2025-08-22 21:46:26,944 - INFO - Приложение запускается.
2025-08-23 14:29:51,098 - INFO - Приложение запускается.
2025-08-23 14:38:19,514 - INFO - postgresql://developer:pass_dev@localhost:5432/test_database
2025-08-23 14:38:19,667 - INFO - postgresql://developer:pass_dev@localhost:5432/test_database
2025-08-23 14:38:20,066 - INFO - БД создана
2025-08-23 14:38:20,068 - INFO - c:\Dev\task_manager
2025-08-23 14:38:20,070 - INFO - <alembic.config.Config object at 0x000002BB49A87B60>
2025-08-23 14:40:54,983 - INFO - postgresql://developer:pass_dev@localhost:5432/test_database
2025-08-23 14:40:55,150 - INFO - postgresql://developer:pass_dev@localhost:5432/test_database
2025-08-23 14:40:55,529 - INFO - БД создана
2025-08-23 14:40:55,531 - INFO - c:\Dev\task_manager
2025-08-23 14:40:55,532 - INFO - <alembic.config.Config object at 0x000002561F701B80>
2025-08-23 14:42:08,624 - INFO - postgresql://developer:pass_dev@localhost:5432/test_database
2025-08-23 14:42:08,795 - INFO - postgresql://developer:pass_dev@localhost:5432/test_database
2025-08-23 14:42:09,268 - INFO - БД создана
2025-08-23 14:42:09,270 - INFO - c:\Dev\task_manager
2025-08-23 14:42:09,270 - INFO - <alembic.config.Config object at 0x000001DAB73AE4B0>
2025-08-23 14:51:41,840 - INFO - postgresql://developer:pass_dev@localhost:5432/test_database
2025-08-23 14:51:42,024 - INFO - postgresql://developer:pass_dev@localhost:5432/test_database
2025-08-23 14:51:42,403 - INFO - БД создана
2025-08-23 14:51:42,405 - INFO - c:\Dev\task_manager
2025-08-23 14:51:42,406 - INFO - <alembic.config.Config object at 0x00000260F3D3E7B0>
2025-08-23 14:51:57,832 - INFO - Приложение запускается.
2025-08-23 14:52:50,792 - INFO - Приложение запускается.
2025-08-23 14:53:08,618 - INFO - Приложение запускается.
2025-08-23 14:53:14,065 - INFO - Приложение запускается.
2025-08-23 14:57:23,293 - INFO - Приложение запускается.
2025-08-23 14:57:38,425 - INFO - Приложение запускается.
2025-08-23 14:57:52,472 - INFO - Приложение запускается.
2025-08-23 14:58:48,485 - INFO - Приложение запускается.
2025-08-23 14:59:13,944 - INFO - Приложение запускается.
2025-08-23 14:59:25,635 - INFO - Приложение запускается.
2025-08-23 14:59:36,808 - INFO - Приложение запускается.
2025-08-23 14:59:47,099 - INFO - Приложение запускается.
2025-08-23 14:59:56,403 - INFO - Приложение запускается.
2025-08-23 15:01:44,401 - INFO - Приложение запускается.
2025-08-23 15:06:49,639 - INFO - Приложение запускается.
2025-08-23 15:07:23,710 - INFO - Приложение запускается.
2025-08-23 21:29:23,466 - INFO - Приложение запускается.
2025-08-23 21:30:03,511 - INFO - Приложение запускается.
2025-08-23 21:30:33,774 - INFO - Приложение запускается.
2025-08-23 21:30:58,380 - INFO - Приложение запускается.
2025-08-23 21:33:04,833 - INFO - Приложение запускается.
2025-08-23 21:34:16,307 - INFO - Приложение запускается.
2025-08-23 21:34:44,633 - INFO - Приложение запускается.
2025-08-23 21:36:19,796 - INFO - Приложение запускается.
2025-08-23 21:37:24,313 - INFO - Приложение запускается.
2025-08-23 21:37:40,636 - INFO - Приложение запускается.
2025-08-23 21:47:45,273 - INFO - Приложение запускается.
2025-08-23 21:49:40,063 - INFO - Приложение запускается.
2025-08-23 21:50:20,806 - INFO - Приложение запускается.
2025-08-27 10:02:18,154 - INFO - Приложение запускается.
2025-08-27 10:08:52,782 - INFO - Приложение запускается.
2025-08-27 10:10:00,711 - INFO - Приложение запускается.
2025-08-27 10:10:20,493 - INFO - Приложение запускается.
2025-08-27 10:10:20,963 - INFO - Connected to database postgresql://developer:********@localhost:5432/task_manager_db
2025-08-27 10:10:20,963 - INFO - Подключение к БД выполнено.
2025-08-27 10:14:44,660 - INFO - Disconnected from database postgresql://developer:********@localhost:5432/task_manager_db
2025-08-27 10:14:44,660 - INFO - Отключение от БД выполнено.
2025-08-27 10:14:50,985 - INFO - Приложение запускается.
2025-08-27 10:20:38,745 - INFO - Приложение запускается.
2025-08-27 10:22:04,795 - INFO - Приложение запускается.
2025-08-27 10:22:24,674 - INFO - Приложение запускается.
2025-08-27 10:26:29,416 - INFO - Приложение запускается.
2025-08-27 11:08:29,617 - INFO - Приложение запускается.
2025-08-27 11:08:30,310 - ERROR - Ошибка подключения к БД: connection was closed in the middle of operation.
2025-08-27 11:08:30,666 - INFO - Отключение от БД выполнено.
2025-08-27 11:08:30,744 - ERROR - Ошибка подключения к БД: connection was closed in the middle of operation.
2025-08-27 11:08:30,938 - INFO - Отключение от БД выполнено.
2025-08-27 11:08:31,012 - ERROR - Ошибка подключения к БД: connection was closed in the middle of operation.
2025-08-27 11:08:31,218 - INFO - Отключение от БД выполнено.
2025-08-27 11:08:31,294 - ERROR - Ошибка подключения к БД: connection was closed in the middle of operation.
2025-08-27 11:08:31,492 - INFO - Отключение от БД выполнено.
2025-08-27 11:08:31,569 - ERROR - Ошибка подключения к БД: connection was closed in the middle of operation.
2025-08-27 11:08:31,769 - INFO - Отключение от БД выполнено.
2025-08-27 11:10:59,228 - INFO - Приложение запускается.
2025-08-27 11:12:26,488 - INFO - Приложение запускается.
2025-08-27 11:13:44,438 - INFO - Приложение запускается.
2025-08-27 11:14:04,298 - INFO - Приложение запускается.
2025-08-27 11:15:55,907 - INFO - Приложение запускается.
2025-08-27 11:16:50,185 - INFO - Приложение запускается.
2025-08-27 11:19:42,907 - INFO - Приложение запускается.
2025-08-27 11:20:47,183 - INFO - Приложение запускается.
2025-08-27 11:21:48,691 - INFO - Приложение запускается.
2025-08-27 11:22:47,580 - INFO - Приложение запускается.
2025-08-27 11:23:32,445 - INFO - Приложение запускается.
2025-08-27 11:23:44,884 - INFO - Приложение запускается.
2025-08-27 11:30:44,716 - INFO - Приложение запускается.
2025-08-27 11:31:21,523 - INFO - Приложение запускается.
2025-08-27 11:40:51,877 - INFO - Приложение запускается.
2025-08-27 11:40:52,434 - ERROR - Ошибка подключения к БД: connection was closed in the middle of operation.
2025-08-27 11:43:29,251 - INFO - Приложение запускается.
2025-08-27 11:45:41,623 - INFO - Приложение запускается.
2025-08-27 11:47:52,345 - INFO - Приложение запускается.
2025-08-27 11:51:46,243 - INFO - Приложение запускается.
2025-08-27 11:57:12,763 - INFO - Приложение запускается.
2025-08-27 12:00:32,170 - INFO - Приложение запускается.
2025-08-27 12:01:44,157 - INFO - Приложение запускается.
2025-08-27 12:02:18,100 - INFO - Приложение запускается.
2025-08-27 12:02:18,547 - INFO - Connected to database postgresql://developer:********@localhost:5432/task_manager_db
2025-08-27 12:02:18,547 - INFO - Подключение к БД выполнено.
2025-08-27 12:03:09,016 - INFO - Disconnected from database postgresql://developer:********@localhost:5432/task_manager_db
2025-08-27 12:03:09,017 - INFO - Отключение от БД выполнено.
2025-08-27 12:03:18,320 - INFO - Приложение запускается.
2025-08-27 12:07:12,413 - INFO - Приложение запускается.
2025-08-27 12:09:11,286 - INFO - Приложение запускается.
2025-08-27 12:20:25,282 - INFO - Приложение запускается.
2025-08-27 12:22:12,765 - INFO - Приложение запускается.
2025-08-27 12:23:12,367 - INFO - Приложение запускается.
2025-08-27 12:23:36,822 - INFO - Приложение запускается.
2025-08-27 12:33:31,353 - INFO - Приложение запускается.
2025-08-27 12:35:20,868 - INFO - Приложение запускается.
2025-08-27 12:36:08,756 - INFO - Приложение запускается.
2025-08-27 12:38:59,029 - INFO - Приложение запускается.
2025-08-27 12:39:28,751 - INFO - Приложение запускается.
2025-08-27 12:39:37,162 - INFO - Приложение запускается.
2025-08-27 12:40:04,369 - INFO - Приложение запускается.
2025-08-27 12:40:51,704 - INFO - Приложение запускается.
2025-08-27 12:42:26,385 - INFO - Приложение запускается.
2025-08-27 12:45:00,819 - INFO - Приложение запускается.
2025-08-27 12:45:44,641 - INFO - Приложение запускается.
2025-08-27 12:47:51,495 - INFO - Приложение запускается.
2025-08-27 12:49:29,674 - INFO - Приложение запускается.
2025-08-27 12:54:19,130 - INFO - Приложение запускается.
2025-08-27 12:55:03,018 - INFO - Приложение запускается.
2025-08-27 12:55:25,762 - INFO - Приложение запускается.
2025-08-27 12:55:55,773 - INFO - Приложение запускается.
2025-08-27 13:04:03,140 - INFO - Приложение запускается.
2025-08-27 13:04:03,581 - INFO - Connected to database postgresql://developer:********@localhost:5432/task_manager_db
2025-08-27 13:04:03,582 - INFO - Подключение к БД выполнено.
2025-08-29 10:18:56,645 - INFO - Приложение запускается.
2025-08-29 10:19:47,348 - INFO - Приложение запускается.
2025-08-29 10:24:21,515 - INFO - Приложение запускается.
2025-08-29 10:25:50,634 - INFO - Приложение запускается.
2025-08-29 10:34:23,966 - INFO - Приложение запускается.
2025-08-29 10:34:48,084 - INFO - Приложение запускается.
2025-08-29 10:36:01,429 - INFO - Приложение запускается.
2025-08-29 10:36:02,012 - INFO - Connected to database postgresql://developer:********@localhost:5432/task_manager_db
2025-08-29 10:36:02,012 - INFO - Подключение к БД выполнено.
2025-08-29 10:39:16,513 - INFO - Disconnected from database postgresql://developer:********@localhost:5432/task_manager_db
2025-08-29 10:39:16,514 - INFO - Отключение от БД выполнено.
2025-08-29 10:39:19,858 - INFO - Приложение запускается.
2025-08-29 10:39:20,294 - INFO - Connected to database postgresql://developer:********@localhost:5432/task_manager_db
2025-08-29 10:39:20,294 - INFO - Подключение к БД выполнено.
2025-08-29 10:39:47,766 - INFO - Disconnected from database postgresql://developer:********@localhost:5432/task_manager_db
2025-08-29 10:39:47,766 - INFO - Отключение от БД выполнено.
2025-08-29 10:39:53,675 - INFO - Приложение запускается.
2025-08-29 10:40:40,219 - INFO - Приложение запускается.
2025-08-29 10:41:29,215 - INFO - Приложение запускается.
2025-08-29 10:44:22,172 - INFO - Приложение запускается.
2025-08-29 10:51:22,488 - INFO - Приложение запускается.
2025-08-29 10:51:45,547 - INFO - Приложение запускается.
2025-08-29 11:02:52,580 - INFO - Приложение запускается.
2025-08-29 11:04:31,695 - INFO - Приложение запускается.
2025-08-29 11:06:02,035 - INFO - Приложение запускается.
2025-08-29 11:06:37,433 - INFO - Приложение запускается.
2025-08-29 11:39:21,458 - INFO - Приложение запускается.
2025-08-29 11:39:55,623 - INFO - Приложение запускается.
2025-08-29 11:42:27,825 - INFO - Приложение запускается.
2025-08-29 11:45:24,812 - INFO - Приложение запускается.
2025-08-29 11:46:43,066 - INFO - Приложение запускается.
2025-08-29 11:49:16,883 - INFO - Приложение запускается.
2025-08-29 11:52:06,742 - INFO - Приложение запускается.
2025-08-29 11:52:07,186 - INFO - Connected to database postgresql://developer:********@localhost:5432/task_manager_db
2025-08-29 11:52:07,187 - INFO - Подключение к БД выполнено.
2025-08-29 11:54:24,352 - INFO - Приложение запускается.
2025-08-29 11:54:25,617 - INFO - Disconnected from database postgresql://developer:********@localhost:5432/task_manager_db
2025-08-29 11:54:25,617 - INFO - Отключение от БД выполнено.
2025-08-29 11:54:37,585 - INFO - Приложение запускается.
2025-08-29 11:54:38,022 - INFO - Connected to database postgresql://developer:********@localhost:5432/task_manager_db
2025-08-29 11:54:38,023 - INFO - Подключение к БД выполнено.
2025-08-29 11:55:18,062 - INFO - Disconnected from database postgresql://developer:********@localhost:5432/task_manager_db
2025-08-29 11:55:18,063 - INFO - Отключение от БД выполнено.
2025-08-29 11:55:21,540 - INFO - Приложение запускается.
2025-08-29 11:55:21,981 - INFO - Connected to database postgresql://developer:********@localhost:5432/task_manager_db
2025-08-29 11:55:21,982 - INFO - Подключение к БД выполнено.
2025-08-29 11:56:42,321 - INFO - Disconnected from database postgresql://developer:********@localhost:5432/task_manager_db
2025-08-29 11:56:42,321 - INFO - Отключение от БД выполнено.
2025-08-29 11:56:47,527 - INFO - Приложение запускается.
2025-08-29 11:56:47,965 - INFO - Connected to database postgresql://developer:********@localhost:5432/task_manager_db
2025-08-29 11:56:47,966 - INFO - Подключение к БД выполнено.
2025-08-29 11:57:05,067 - INFO - Disconnected from database postgresql://developer:********@localhost:5432/task_manager_db
2025-08-29 11:57:05,068 - INFO - Отключение от БД выполнено.
2025-08-29 11:57:10,552 - INFO - Приложение запускается.
2025-08-29 11:58:11,402 - INFO - Приложение запускается.
2025-08-29 11:58:37,356 - INFO - Приложение запускается.
2025-08-29 11:59:20,762 - INFO - Приложение запускается.
2025-08-29 12:00:04,573 - INFO - Приложение запускается.
2025-08-29 12:02:24,857 - INFO - Приложение запускается.
2025-08-29 12:04:06,959 - INFO - Приложение запускается.
2025-08-29 12:07:30,064 - INFO - Приложение запускается.
2025-08-29 12:08:14,843 - INFO - Приложение запускается.
2025-08-29 12:08:54,750 - INFO - Приложение запускается.
2025-08-29 12:09:27,489 - INFO - Приложение запускается.
2025-08-29 12:09:58,368 - INFO - Приложение запускается.
2025-08-29 12:11:34,368 - INFO - Приложение запускается.
2025-08-29 12:12:08,922 - INFO - Приложение запускается.
2025-08-29 12:12:09,452 - INFO - Connected to database postgresql://developer:********@localhost:5432/task_manager_db
2025-08-29 12:12:09,453 - INFO - Подключение к БД выполнено.
2025-08-29 12:16:07,708 - INFO - Disconnected from database postgresql://developer:********@localhost:5432/task_manager_db
2025-08-29 12:16:07,709 - INFO - Отключение от БД выполнено.
2025-08-29 12:16:14,484 - INFO - Приложение запускается.
2025-08-29 12:16:14,929 - INFO - Connected to database postgresql://developer:********@localhost:5432/task_manager_db
2025-08-29 12:16:14,930 - INFO - Подключение к БД выполнено.
2025-08-29 12:18:01,884 - INFO - Disconnected from database postgresql://developer:********@localhost:5432/task_manager_db
2025-08-29 12:18:01,884 - INFO - Отключение от БД выполнено.
2025-08-29 12:18:13,126 - INFO - Приложение запускается.
2025-08-29 12:18:13,569 - INFO - Connected to database postgresql://developer:********@localhost:5432/task_manager_db
2025-08-29 12:18:13,570 - INFO - Подключение к БД выполнено.
2025-08-29 12:18:33,455 - INFO - Disconnected from database postgresql://developer:********@localhost:5432/task_manager_db
2025-08-29 12:18:33,456 - INFO - Отключение от БД выполнено.
2025-08-29 12:18:38,847 - INFO - Приложение запускается.
2025-08-29 12:22:15,025 - INFO - Приложение запускается.
2025-08-29 12:26:17,121 - INFO - Приложение запускается.
2025-08-29 12:28:12,048 - INFO - Приложение запускается.
2025-08-29 12:28:51,045 - INFO - Приложение запускается.
2025-08-29 12:29:14,575 - INFO - Приложение запускается.
2025-08-29 12:29:15,010 - INFO - Connected to database postgresql://developer:********@localhost:5432/task_manager_db
2025-08-29 12:29:15,010 - INFO - Подключение к БД выполнено.
2025-08-29 12:33:29,862 - INFO - Disconnected from database postgresql://developer:********@localhost:5432/task_manager_db
2025-08-29 12:33:29,863 - INFO - Отключение от БД выполнено.
2025-08-29 12:33:38,146 - INFO - Приложение запускается.
2025-08-29 12:34:13,576 - INFO - Приложение запускается.
2025-08-29 12:38:33,880 - INFO - Приложение запускается.
2025-08-29 12:45:18,721 - INFO - Приложение запускается.
2025-08-29 12:48:19,239 - INFO - Приложение запускается.
2025-08-29 12:49:54,524 - INFO - Приложение запускается.
2025-08-29 12:56:59,534 - INFO - Приложение запускается.
2025-08-29 13:02:30,497 - INFO - Приложение запускается.
2025-08-29 13:05:47,811 - INFO - Приложение запускается.
2025-08-29 13:06:48,736 - INFO - Приложение запускается.
2025-08-29 13:07:31,426 - INFO - Приложение запускается.
2025-08-29 13:14:50,119 - INFO - Приложение запускается.
2025-08-29 13:16:23,286 - INFO - Приложение запускается.
2025-08-29 13:17:13,663 - INFO - Приложение запускается.
2025-08-29 13:17:14,093 - INFO - Connected to database postgresql://developer:********@localhost:5432/task_manager_db
2025-08-29 13:17:14,094 - INFO - Подключение к БД выполнено.
2025-08-29 13:20:45,593 - INFO - Disconnected from database postgresql://developer:********@localhost:5432/task_manager_db
2025-08-29 13:20:45,593 - INFO - Отключение от БД выполнено.
2025-08-29 13:20:48,496 - INFO - Приложение запускается.
2025-08-29 13:20:48,938 - INFO - Connected to database postgresql://developer:********@localhost:5432/task_manager_db
2025-08-29 13:20:48,939 - INFO - Подключение к БД выполнено.
2025-08-29 13:21:19,010 - INFO - Disconnected from database postgresql://developer:********@localhost:5432/task_manager_db
2025-08-29 13:21:19,010 - INFO - Отключение от БД выполнено.
2025-08-29 13:24:06,897 - INFO - Приложение запускается.
2025-08-29 13:24:07,335 - INFO - Connected to database postgresql://developer:********@localhost:5432/task_manager_db
2025-08-29 13:24:07,336 - INFO - Подключение к БД выполнено.
2025-08-29 13:28:21,769 - INFO - Disconnected from database postgresql://developer:********@localhost:5432/task_manager_db
2025-08-29 13:28:21,770 - INFO - Отключение от БД выполнено.
2025-08-29 13:28:30,351 - INFO - Приложение запускается.
2025-08-29 13:28:55,982 - INFO - Приложение запускается.
2025-08-29 13:31:08,493 - INFO - Приложение запускается.
2025-08-29 13:32:03,795 - INFO - Приложение запускается.
2025-08-31 11:44:49,692 - INFO - Приложение запускается.
2025-08-31 11:48:21,356 - INFO - Приложение запускается.
2025-08-31 11:49:22,178 - INFO - Приложение запускается.
2025-08-31 11:54:45,353 - INFO - Приложение запускается.
2025-08-31 12:01:15,498 - INFO - Приложение запускается.
2025-08-31 12:04:07,375 - INFO - Приложение запускается.
2025-08-31 12:07:43,503 - INFO - Приложение запускается.
2025-08-31 12:10:37,133 - INFO - Приложение запускается.
2025-08-31 12:11:49,597 - INFO - Приложение запускается.
2025-08-31 12:12:27,177 - INFO - Приложение запускается.
2025-08-31 12:12:55,763 - INFO - Приложение запускается.
2025-08-31 12:16:08,983 - INFO - Приложение запускается.
2025-08-31 12:19:32,279 - INFO - Приложение запускается.
2025-08-31 12:21:59,876 - INFO - Приложение запускается.
2025-08-31 12:22:56,825 - INFO - Приложение запускается.
2025-08-31 12:25:57,509 - INFO - Приложение запускается.
2025-08-31 12:27:35,739 - INFO - Приложение запускается.
2025-08-31 12:28:38,852 - INFO - Приложение запускается.
2025-08-31 12:29:11,295 - INFO - Приложение запускается.
2025-08-31 12:30:34,887 - INFO - Приложение запускается.
2025-08-31 12:31:16,649 - INFO - Приложение запускается.
2025-08-31 12:31:45,246 - INFO - Приложение запускается.
2025-08-31 12:34:51,202 - INFO - Приложение запускается.
2025-08-31 12:35:26,597 - INFO - Приложение запускается.
2025-08-31 12:36:30,458 - INFO - Приложение запускается.
2025-08-31 12:37:44,598 - INFO - Приложение запускается.
2025-08-31 13:00:37,617 - INFO - Приложение запускается.
2025-08-31 13:02:15,169 - INFO - Приложение запускается.
2025-08-31 13:02:51,084 - INFO - Приложение запускается.
2025-08-31 13:09:32,333 - INFO - Приложение запускается.
2025-08-31 13:10:08,139 - INFO - Приложение запускается.
2025-08-31 13:13:46,350 - INFO - Приложение запускается.
2025-08-31 13:14:45,141 - INFO - Приложение запускается.
2025-08-31 13:16:53,321 - INFO - Приложение запускается.
2025-08-31 13:19:39,356 - INFO - Приложение запускается.
2025-08-31 13:20:17,570 - INFO - Приложение запускается.
2025-08-31 13:22:10,255 - INFO - Приложение запускается.
2025-08-31 13:23:11,383 - INFO - Приложение запускается.
2025-08-31 13:23:45,424 - INFO - Приложение запускается.
2025-08-31 13:26:55,119 - INFO - Приложение запускается.
2025-08-31 13:28:17,966 - INFO - Приложение запускается.
2025-08-31 13:28:48,829 - INFO - Приложение запускается.
2025-08-31 13:29:22,151 - INFO - Приложение запускается.
2025-08-31 13:34:40,645 - INFO - Приложение запускается.
2025-08-31 13:36:24,344 - INFO - Приложение запускается.
2025-08-31 13:37:08,746 - INFO - Приложение запускается.
2025-08-31 13:37:44,102 - INFO - Приложение запускается.
2025-08-31 13:38:16,454 - INFO - Приложение запускается.
2025-08-31 13:38:41,118 - INFO - Приложение запускается.
2025-08-31 13:40:53,995 - INFO - Приложение запускается.
2025-08-31 13:41:40,847 - INFO - Приложение запускается.
2025-08-31 13:43:03,487 - INFO - Приложение запускается.
2025-08-31 13:43:36,675 - INFO - Приложение запускается.
2025-08-31 13:49:43,271 - INFO - Приложение запускается.
2025-08-31 13:50:19,725 - INFO - Приложение запускается.
2025-08-31 13:52:16,339 - INFO - Приложение запускается.
2025-08-31 13:53:06,822 - INFO - Приложение запускается.
2025-08-31 13:53:48,879 - INFO - Приложение запускается.
2025-08-31 13:54:04,462 - INFO - Приложение запускается.
2025-08-31 13:54:21,477 - INFO - Приложение запускается.
2025-08-31 13:58:27,395 - INFO - Приложение запускается.
2025-08-31 13:58:47,493 - INFO - Приложение запускается.
2025-08-31 14:38:35,767 - INFO - Приложение запускается.
2025-08-31 14:39:09,599 - INFO - Приложение запускается.
2025-08-31 14:42:04,862 - INFO - Приложение запускается.
2025-08-31 14:57:38,563 - INFO - Приложение запускается.
2025-08-31 15:02:53,574 - INFO - Приложение запускается.
2025-08-31 15:04:23,738 - INFO - Приложение запускается.
2025-08-31 15:25:55,013 - INFO - Приложение запускается.
2025-08-31 15:33:21,802 - INFO - Приложение запускается.
2025-08-31 15:34:54,318 - INFO - Приложение запускается.
2025-08-31 15:54:58,990 - INFO - Приложение запускается.
2025-08-31 15:56:51,535 - INFO - Приложение запускается.
2025-08-31 15:57:38,018 - INFO - Приложение запускается.
2025-08-31 15:59:09,429 - INFO - Приложение запускается.
2025-08-31 16:00:09,305 - INFO - Приложение запускается.
2025-08-31 16:02:52,347 - INFO - Приложение запускается.
2025-08-31 16:03:28,719 - INFO - Приложение запускается.
2025-08-31 16:07:18,932 - INFO - Приложение запускается.
2025-08-31 16:08:15,855 - INFO - Приложение запускается.
2025-08-31 16:13:48,861 - INFO - Приложение запускается.
2025-08-31 20:46:10,865 - INFO - Приложение запускается.
2025-08-31 20:48:02,560 - INFO - Приложение запускается.
2025-08-31 20:51:31,385 - INFO - Приложение запускается.
2025-08-31 20:51:40,488 - INFO - Приложение запускается.
2025-08-31 20:53:07,995 - INFO - Приложение запускается.
2025-08-31 20:54:34,721 - INFO - Приложение запускается.
2025-08-31 20:55:17,901 - INFO - Приложение запускается.
2025-08-31 20:55:37,309 - INFO - Приложение запускается.
2025-08-31 21:00:29,370 - INFO - Приложение запускается.
2025-08-31 21:01:15,863 - INFO - Приложение запускается.
2025-08-31 21:04:59,374 - INFO - Приложение запускается.
2025-08-31 21:06:04,191 - INFO - Приложение запускается.
2025-08-31 21:14:31,180 - INFO - Приложение запускается.
2025-08-31 21:15:49,649 - INFO - Приложение запускается.
2025-08-31 21:17:20,081 - INFO - Приложение запускается.
2025-08-31 21:24:33,305 - INFO - Приложение запускается.
2025-08-31 21:51:01,430 - INFO - Приложение запускается.
2025-08-31 21:52:49,238 - INFO - Приложение запускается.
2025-08-31 21:58:25,522 - INFO - Приложение запускается.
2025-08-31 21:58:44,454 - INFO - Приложение запускается.
2025-08-31 22:02:14,078 - INFO - Приложение запускается.
2025-08-31 22:06:02,113 - INFO - Приложение запускается.
2025-08-31 22:07:14,837 - INFO - Приложение запускается.
2025-08-31 22:08:41,534 - INFO - Приложение запускается.
2025-08-31 22:09:48,244 - INFO - Приложение запускается.
2025-08-31 22:10:28,055 - INFO - Приложение запускается.
2025-08-31 22:11:41,123 - INFO - Приложение запускается.
2025-08-31 22:13:17,293 - INFO - Приложение запускается.
2025-08-31 22:17:07,816 - INFO - Приложение запускается.
2025-08-31 22:20:56,341 - INFO - Приложение запускается.
2025-08-31 22:31:59,190 - INFO - Приложение запускается.
2025-08-31 22:34:25,673 - INFO - Приложение запускается.
2025-08-31 22:35:43,215 - INFO - Приложение запускается.
2025-08-31 22:39:18,418 - INFO - Приложение запускается.
2025-08-31 22:39:18,880 - INFO - Connected to database postgresql://developer:********@localhost:5432/task_manager_db
2025-08-31 22:39:18,880 - INFO - Подключение к БД выполнено.
2025-08-31 22:39:21,605 - INFO - Disconnected from database postgresql://developer:********@localhost:5432/task_manager_db
2025-08-31 22:39:21,605 - INFO - Отключение от БД выполнено.
2025-08-31 22:49:32,862 - INFO - Приложение запускается.
2025-08-31 22:50:08,954 - INFO - Приложение запускается.
2025-09-01 20:53:35,761 - INFO - Приложение запускается.
2025-09-01 20:59:19,267 - INFO - Приложение запускается.
2025-09-01 20:59:50,351 - INFO - Приложение запускается.
2025-09-01 21:01:37,804 - INFO - Приложение запускается.
2025-09-01 21:03:19,461 - INFO - Приложение запускается.
2025-09-01 21:03:47,919 - INFO - Приложение запускается.
2025-09-01 21:04:17,797 - INFO - Приложение запускается.
2025-09-01 21:05:18,044 - INFO - Приложение запускается.
2025-09-01 21:06:45,484 - INFO - Приложение запускается.
2025-09-01 21:07:42,796 - INFO - Приложение запускается.
2025-09-01 21:08:23,109 - INFO - Приложение запускается.
2025-09-01 21:09:11,071 - INFO - Приложение запускается.
2025-09-01 21:10:49,031 - INFO - Приложение запускается.
2025-09-01 21:12:18,190 - INFO - Приложение запускается.
2025-09-01 21:13:57,465 - INFO - Приложение запускается.
2025-09-01 21:14:14,797 - INFO - Приложение запускается.
2025-09-01 21:15:24,208 - INFO - Приложение запускается.
2025-09-01 21:15:48,963 - INFO - Приложение запускается.
2025-09-01 21:16:24,018 - INFO - Приложение запускается.
2025-09-01 21:19:12,241 - INFO - Приложение запускается.
2025-09-01 21:19:35,839 - INFO - Приложение запускается.
2025-09-01 21:21:33,683 - INFO - Приложение запускается.
2025-09-01 21:26:36,786 - INFO - Приложение запускается.
2025-09-01 21:32:07,194 - INFO - Приложение запускается.
2025-09-01 21:32:27,367 - INFO - Приложение запускается.
2025-09-01 21:39:20,177 - INFO - Приложение запускается.
2025-09-01 21:40:29,572 - INFO - Приложение запускается.
2025-09-01 21:41:23,561 - INFO - Приложение запускается.
2025-09-01 21:42:00,726 - INFO - Приложение запускается.
2025-09-01 22:34:29,585 - INFO - Приложение запускается.
2025-09-01 22:34:50,023 - INFO - Приложение запускается.
2025-09-01 22:34:50,595 - INFO - Connected to database postgresql://developer:********@localhost:5432/task_manager_db
2025-09-01 22:34:50,596 - INFO - Подключение к БД выполнено.
2025-09-02 20:53:54,301 - INFO - Приложение запускается.
2025-09-02 20:53:54,773 - INFO - Connected to database postgresql://developer:********@localhost:5432/task_manager_db
2025-09-02 20:53:54,774 - INFO - Подключение к БД выполнено.
2025-09-02 20:53:57,185 - INFO - Disconnected from database postgresql://developer:********@localhost:5432/task_manager_db
2025-09-02 20:53:57,186 - INFO - Отключение от БД выполнено.
2025-09-02 20:54:32,804 - INFO - Приложение запускается.
2025-09-02 20:54:33,241 - INFO - Connected to database postgresql://developer:********@localhost:5432/task_manager_db
2025-09-02 20:54:33,242 - INFO - Подключение к БД выполнено.
2025-09-02 20:54:46,543 - INFO - Disconnected from database postgresql://developer:********@localhost:5432/task_manager_db
2025-09-02 20:54:46,543 - INFO - Отключение от БД выполнено.
2025-09-04 11:03:45,105 - INFO - Приложение запускается.
2025-09-04 11:03:45,275 - ERROR - Ошибка подключения к БД: connection was closed in the middle of operation.
2025-09-04 11:03:45,276 - INFO - Отключение от БД выполнено.
2025-09-04 11:04:24,166 - INFO - Приложение запускается.
2025-09-04 11:04:24,601 - INFO - Connected to database postgresql://developer:********@localhost:5432/task_manager_db
2025-09-04 11:04:24,602 - INFO - Подключение к БД выполнено.
2025-09-04 11:04:27,988 - INFO - Disconnected from database postgresql://developer:********@localhost:5432/task_manager_db
2025-09-04 11:04:27,989 - INFO - Отключение от БД выполнено.
2025-09-04 11:04:56,356 - INFO - Приложение запускается.
2025-09-04 12:52:54,988 - INFO - Приложение запускается.
2025-09-04 13:00:05,282 - INFO - Приложение запускается.
2025-09-04 13:00:06,595 - ERROR - Ошибка подключения к БД: [Errno 11001] getaddrinfo failed.
2025-09-04 13:00:06,596 - INFO - Отключение от БД выполнено.
2025-09-04 13:00:31,260 - INFO - Приложение запускается.
2025-09-04 13:00:31,686 - INFO - Connected to database postgresql://developer:********@localhost:5432/task_manager_db
2025-09-04 13:00:31,687 - INFO - Подключение к БД выполнено.
2025-09-04 13:00:36,824 - INFO - Disconnected from database postgresql://developer:********@localhost:5432/task_manager_db
2025-09-04 13:00:36,824 - INFO - Отключение от БД выполнено.
